This is e-pTeX, Version 3.14159265-p3.8.3-191112-2.6 (utf8.euc) (TeX Live 2020) (preloaded format=platex 2021.3.9)  6 DEC 2023 16:12
entering extended mode
 restricted \write18 enabled.
 file:line:error style messages enabled.
 %&-line parsing enabled.
**"/Users/takahitohoriuchi/Desktop/Ph.D Thesis/part2/chapter1.tex"
(/Users/takahitohoriuchi/Desktop/Ph.D Thesis/part2/chapter1.tex
pLaTeX2e <2020-10-01>+2 (based on LaTeX2e <2020-10-01> patch level 4)
L3 programming layer <2021-02-18>
/Users/takahitohoriuchi/Desktop/Ph.D Thesis/part2/chapter1.tex:1: Undefined control sequence.
l.1 \part
         {身体の「表情」感得の実践} 
Here is how much of TeX's memory you used:
 18 strings out of 479488
 469 string characters out of 5871510
 289933 words of memory out of 5000000
 17801 multiletter control sequences out of 15000+600000
 407301 words of font info for 44 fonts, out of 8000000 for 9000
 929 hyphenation exceptions out of 8191
 20i,0n,25p,130b,13s stack positions out of 5000i,500n,10000p,200000b,80000s

No pages of output.
